Log file open, 07/17/17 20:14:47
LogInit:Display: Running engine for game: RD
LogPlatformFile: Not using cached read wrapper
LogInit:Display: RandInit(1351312803) SRandInit(1351312822).
LogTaskGraph: Started task graph with 5 named threads and 10 total threads with 1 sets of task threads.
LogStats: Stats thread started at 0.283107
LogInit: Using libcurl 7.47.1
LogInit:  - built for x86_64-pc-win32
LogInit:  - supports SSL with OpenSSL/1.0.2g
LogInit:  - supports HTTP deflate (compression) using libz 1.2.8
LogInit:  - other features:
LogInit:      CURL_VERSION_SSL
LogInit:      CURL_VERSION_LIBZ
LogInit:      CURL_VERSION_IPV6
LogInit:      CURL_VERSION_ASYNCHDNS
LogInit:      CURL_VERSION_LARGEFILE
LogInit:      CURL_VERSION_IDN
LogInit:  CurlRequestOptions (configurable via config and command line):
LogInit:  - bVerifyPeer = false  - Libcurl will NOT verify peer certificate
LogInit:  - bUseHttpProxy = false  - Libcurl will NOT use HTTP proxy
LogInit:  - bDontReuseConnections = false  - Libcurl will reuse connections
LogInit:  - CertBundlePath = nullptr  - Libcurl will use whatever was configured at build time.
LogInit: Build: ++UE4+Release-4.16-CL-3452394
LogInit: Engine Version: 4.16.0-3452394+++UE4+Release-4.16
LogInit: Compatible Engine Version: 4.16.0-3452394+++UE4+Release-4.16
LogInit: Net CL: 3452394
LogDevObjectVersion: Number of dev versions registered: 16
LogDevObjectVersion:   Dev-Blueprints (B0D832E4-1F89-4F0D-ACCF-7EB736FD4AA2): 9
LogDevObjectVersion:   Dev-Build (E1C64328-A22C-4D53-A36C-8E866417BD8C): 0
LogDevObjectVersion:   Dev-Core (375EC13C-06E4-48FB-B500-84F0262A717E): 2
LogDevObjectVersion:   Dev-Editor (E4B068ED-F494-42E9-A231-DA0B2E46BB41): 17
LogDevObjectVersion:   Dev-Framework (CFFC743F-43B0-4480-9391-14DF171D2073): 23
LogDevObjectVersion:   Dev-Mobile (B02B49B5-BB20-44E9-A304-32B752E40360): 0
LogDevObjectVersion:   Dev-Networking (A4E4105C-59A1-49B5-A7C5-40C4547EDFEE): 0
LogDevObjectVersion:   Dev-Online (39C831C9-5AE6-47DC-9A44-9C173E1C8E7C): 0
LogDevObjectVersion:   Dev-Physics (78F01B33-EBEA-4F98-B9B4-84EACCB95AA2): 0
LogDevObjectVersion:   Dev-Platform (6631380F-2D4D-43E0-8009-CF276956A95A): 0
LogDevObjectVersion:   Dev-Rendering (12F88B9F-8875-4AFC-A67C-D90C383ABD29): 15
LogDevObjectVersion:   Dev-Sequencer (7B5AE74C-D270-4C10-A958-57980B212A5A): 4
LogDevObjectVersion:   Dev-VR (D7296918-1DD6-4BDD-9DE2-64A83CC13884): 0
LogDevObjectVersion:   Dev-LoadTimes (C2A15278-BFE7-4AFE-6C17-90FF531DF755): 1
LogDevObjectVersion:   Private-Geometry (6EACA3D4-40EC-4CC1-B786-8BED09428FC5): 1
LogDevObjectVersion:   Dev-AnimPhys (29E575DD-E0A3-4627-9D10-D276232CDCEA): 3
LogInit: Compiled (64-bit): May 22 2017 17:47:00
LogInit: Compiled with Visual C++: 19.00.23026.00
LogInit: Build Configuration: Development
LogInit: Branch Name: ++UE4+Release-4.16
LogInit: Command line:  -skipcompile
LogInit: Base directory: D:/Program Files/Epic Games/UE_4.16/Engine/Binaries/Win64/
LogInit: Installed Engine Build: 1
LogInit: Presizing for max 8388607 objects, including 0 objects not considered by GC, pre-allocating 0 bytes for permanent pool.
LogInit: Object subsystem initialized
[2017.07.18-00.14.48:251][  0]LogInit: Selected Device Profile: [Windows]
[2017.07.18-00.14.48:251][  0]LogInit: Applying CVar settings loaded from the selected device profile: [Windows]
[2017.07.18-00.14.48:265][  0]LogInit: Computer: SEAGULLDESKTOP
[2017.07.18-00.14.48:265][  0]LogInit: User: Seagull
[2017.07.18-00.14.48:265][  0]LogInit: CPU Page size=4096, Cores=6
[2017.07.18-00.14.48:265][  0]LogInit: High frequency timer resolution =14.318180 MHz
[2017.07.18-00.14.48:266][  0]LogMemory: Memory total: Physical=16.0GB (16GB approx)
[2017.07.18-00.14.48:266][  0]LogMemory: Platform Memory Stats for Windows
[2017.07.18-00.14.48:266][  0]LogMemory: Process Physical Memory: 275.86 MB used, 275.86 MB peak
[2017.07.18-00.14.48:266][  0]LogMemory: Process Virtual Memory: 267.64 MB used, 267.64 MB peak
[2017.07.18-00.14.48:266][  0]LogMemory: Physical Memory: 9640.48 MB used,  6695.78 MB free, 16336.26 MB total
[2017.07.18-00.14.48:266][  0]LogMemory: Virtual Memory: 656.18 MB used,  6695.78 MB free, 134217728.00 MB total
[2017.07.18-00.14.48:416][  0]LogInit: Using OS detected language (en-US).
[2017.07.18-00.14.48:417][  0]LogInit: Using OS detected locale (en-US).
[2017.07.18-00.14.48:422][  0]LogTextLocalizationManager: No specific localization for 'en-US' exists, so the 'en' localization will be used.
[2017.07.18-00.14.49:682][  0]LogD3D11RHI: D3D11 adapters:
[2017.07.18-00.14.49:732][  0]LogD3D11RHI:    0. 'AMD Radeon (TM) R9 380 Series' (Feature Level 11_0)
[2017.07.18-00.14.49:733][  0]LogD3D11RHI:       4072/0/8168 MB DedicatedVideo/DedicatedSystem/SharedSystem, Outputs:2, VendorId:0x1002
[2017.07.18-00.14.49:739][  0]LogD3D11RHI:    1. 'Microsoft Basic Render Driver' (Feature Level 11_0)
[2017.07.18-00.14.49:739][  0]LogD3D11RHI:       0/0/8168 MB DedicatedVideo/DedicatedSystem/SharedSystem, Outputs:0, VendorId:0x1414
[2017.07.18-00.14.49:739][  0]LogD3D11RHI: Chosen D3D11 Adapter: 0
[2017.07.18-00.14.49:751][  0]LogD3D11RHI: Creating new Direct3DDevice
[2017.07.18-00.14.49:752][  0]LogD3D11RHI:     GPU DeviceId: 0x6939 (for the marketing name, search the web for "GPU Device Id")
[2017.07.18-00.14.49:752][  0]LogWindows: EnumDisplayDevices:
[2017.07.18-00.14.49:752][  0]LogWindows:    0. 'AMD Radeon (TM) R9 380 Series' (P:1 D:1)
[2017.07.18-00.14.49:753][  0]LogWindows:    1. 'AMD Radeon (TM) R9 380 Series' (P:0 D:1)
[2017.07.18-00.14.49:753][  0]LogWindows:    2. 'AMD Radeon (TM) R9 380 Series' (P:0 D:0)
[2017.07.18-00.14.49:753][  0]LogWindows:    3. 'AMD Radeon (TM) R9 380 Series' (P:0 D:0)
[2017.07.18-00.14.49:754][  0]LogWindows:    4. 'AMD Radeon (TM) R9 380 Series' (P:0 D:0)
[2017.07.18-00.14.49:754][  0]LogWindows:    5. 'AMD Radeon (TM) R9 380 Series' (P:0 D:0)
[2017.07.18-00.14.49:754][  0]LogWindows: DebugString: FoundDriverCount:6 
[2017.07.18-00.14.49:754][  0]LogD3D11RHI:     Adapter Name: AMD Radeon (TM) R9 380 Series
[2017.07.18-00.14.49:754][  0]LogD3D11RHI:   Driver Version: Crimson ReLive 17.4.4 (internal:22.19.162.4, unified:22.19.162.4)
[2017.07.18-00.14.49:754][  0]LogD3D11RHI:      Driver Date: 4-24-2017
[2017.07.18-00.14.49:754][  0]LogRHI: Texture pool is 1361 MB (70% of 1945 MB)
[2017.07.18-00.14.49:871][  0]LogD3D11RHI: Async texture creation enabled
[2017.07.18-00.14.49:883][  0]LogD3D11RHI: GPU Timing Frequency: 27.000000 (Debug: 2 1)
[2017.07.18-00.14.49:885][  0]LogShaderCompilers: Guid format shader working directory is 2 characters bigger than the processId version (C:/Users/Seagull/Documents/Unreal Projects/RD/Intermediate/Shaders/WorkingDirectory/18620/).
[2017.07.18-00.14.49:885][  0]LogShaderCompilers: Cleaned the shader compiler working directory 'C:/Users/Seagull/AppData/Local/Temp/UnrealShaderWorkingDir/DA9D4B6B4F1308418BD39F9928BE2830/'.
[2017.07.18-00.14.49:885][  0]LogShaderCompilers:Display: Using Local Shader Compiler.
[2017.07.18-00.14.51:183][  0]LogTemp:Display: Loaded TP AllDesktopTargetPlatform
[2017.07.18-00.14.51:242][  0]LogTemp:Display: Loaded TP MacClientTargetPlatform
[2017.07.18-00.14.51:306][  0]LogTemp:Display: Loaded TP MacNoEditorTargetPlatform
[2017.07.18-00.14.51:366][  0]LogTemp:Display: Loaded TP MacServerTargetPlatform
[2017.07.18-00.14.51:430][  0]LogTemp:Display: Loaded TP MacTargetPlatform
[2017.07.18-00.14.51:492][  0]LogTemp:Display: Loaded TP WindowsClientTargetPlatform
[2017.07.18-00.14.51:552][  0]LogTemp:Display: Loaded TP WindowsNoEditorTargetPlatform
[2017.07.18-00.14.51:610][  0]LogTemp:Display: Loaded TP WindowsServerTargetPlatform
[2017.07.18-00.14.51:661][  0]LogTemp:Display: Loaded TP WindowsTargetPlatform
[2017.07.18-00.14.51:719][  0]LogTemp:Display: Loaded TP AndroidTargetPlatform
[2017.07.18-00.14.51:777][  0]LogTemp:Display: Loaded TP Android_ASTCTargetPlatform
[2017.07.18-00.14.51:835][  0]LogTemp:Display: Loaded TP Android_ATCTargetPlatform
[2017.07.18-00.14.51:896][  0]LogTemp:Display: Loaded TP Android_DXTTargetPlatform
[2017.07.18-00.14.51:956][  0]LogTemp:Display: Loaded TP Android_ETC1TargetPlatform
[2017.07.18-00.14.52:015][  0]LogTemp:Display: Loaded TP Android_ETC2TargetPlatform
[2017.07.18-00.14.52:134][  0]LogTemp:Display: Loaded TP Android_MultiTargetPlatform
[2017.07.18-00.14.52:134][  0]LogTemp:Display: Loaded TP Android_PVRTCTargetPlatform
[2017.07.18-00.14.52:181][  0]LogTemp:Display: Loaded TP HTML5TargetPlatform
[2017.07.18-00.14.52:290][  0]LogTemp:Display: Loaded TP IOSTargetPlatform
[2017.07.18-00.14.52:324][  0]LogTemp:Display: Loaded TP TVOSTargetPlatform
[2017.07.18-00.14.52:382][  0]LogTemp:Display: Loaded TP LinuxClientTargetPlatform
[2017.07.18-00.14.52:442][  0]LogTemp:Display: Loaded TP LinuxNoEditorTargetPlatform
[2017.07.18-00.14.52:501][  0]LogTemp:Display: Loaded TP LinuxServerTargetPlatform
[2017.07.18-00.14.52:561][  0]LogTemp:Display: Loaded TP LinuxTargetPlatform
[2017.07.18-00.14.52:562][  0]LogTargetPlatformManager:Display: Building Assets For Windows
[2017.07.18-00.14.53:159][  0]LogDerivedDataCache:Display: Max Cache Size: 512 MB
[2017.07.18-00.14.53:315][  0]LogDerivedDataCache: Loaded boot cache 0.16s 90MB C:/Users/Seagull/AppData/Local/UnrealEngine/4.16/DerivedDataCache/Boot.ddc.
[2017.07.18-00.14.53:315][  0]LogDerivedDataCache:Display: Loaded Boot cache: C:/Users/Seagull/AppData/Local/UnrealEngine/4.16/DerivedDataCache/Boot.ddc
[2017.07.18-00.14.53:316][  0]LogDerivedDataCache: FDerivedDataBackendGraph:  Pak pak cache file C:/Users/Seagull/Documents/Unreal Projects/RD/DerivedDataCache/DDC.ddp not found, will not use a pak cache.
[2017.07.18-00.14.53:316][  0]LogDerivedDataCache: Unable to find inner node Pak for hierarchical cache Hierarchy.
[2017.07.18-00.14.53:316][  0]LogDerivedDataCache: FDerivedDataBackendGraph:  CompressedPak pak cache file C:/Users/Seagull/Documents/Unreal Projects/RD/DerivedDataCache/Compressed.ddp not found, will not use a pak cache.
[2017.07.18-00.14.53:316][  0]LogDerivedDataCache: Unable to find inner node CompressedPak for hierarchical cache Hierarchy.
[2017.07.18-00.14.53:340][  0]LogDerivedDataCache:Display: Pak cache opened for reading ../../../Engine/DerivedDataCache/Compressed.ddp.
[2017.07.18-00.14.53:354][  0]LogDerivedDataCache: Using Local data cache path C:/Users/Seagull/AppData/Local/UnrealEngine/Common/DerivedDataCache: Writable
[2017.07.18-00.14.53:368][  0]LogMaterial: Verifying Global Shaders for PCD3D_SM5
[2017.07.18-00.14.53:369][  0]LogSlate: Using Freetype 2.6.0
[2017.07.18-00.14.53:370][  0]LogSlate: SlateFontCache - WITH_FREETYPE: 1, WITH_HARFBUZZ: 1
[2017.07.18-00.14.53:370][  0]LogSlate: SlateFontCache - WITH_FREETYPE: 1, WITH_HARFBUZZ: 1
[2017.07.18-00.14.53:803][  0]LogInit: Selected Device Profile: [Windows]
[2017.07.18-00.14.53:946][  0]LogContentStreaming: Texture pool size is 0.00 MB
[2017.07.18-00.14.54:149][  0]LogMeshUtilities: Using QuadricMeshReduction for automatic static mesh reduction
[2017.07.18-00.14.54:205][  0]LogSimplygon: Simplygon DLL not present - disabling.
[2017.07.18-00.14.54:280][  0]LogMeshUtilities: Using SimplygonSwarm for distributed automatic mesh merging
[2017.07.18-00.14.54:280][  0]LogMeshUtilities: No automatic skeletal mesh reduction module available
[2017.07.18-00.14.54:280][  0]LogMeshUtilities: No automatic mesh merging module available
[2017.07.18-00.14.54:973][  0]LogNetVersion: RD , NetCL: 3452394, EngineNetVer: 2, GameNetVer: 0 (Checksum: 446141871)
[2017.07.18-00.14.55:043][  0]LogAssetRegistry: FAssetRegistry took 0.0311 seconds to start up
[2017.07.18-00.14.55:114][  0]LogPackageLocalizationCache: Processed 4 localized package path(s) for 2 prioritized culture(s) in 0.046148 seconds
[2017.07.18-00.14.55:124][  0]LogUObjectArray: 34194 objects as part of root set at end of initial load.
[2017.07.18-00.14.55:124][  0]LogUObjectAllocator: 7260416 out of 0 bytes used by permanent object pool.
[2017.07.18-00.14.55:124][  0]LogUObjectArray: CloseDisregardForGC: 0/0 objects in disregard for GC pool
[2017.07.18-00.14.55:216][  0]LogInit: WinSock: version 1.1 (2.2), MaxSocks=32767, MaxUdp=65467
[2017.07.18-00.14.58:491][  0]LogTcpMessaging: Initializing TcpMessaging bridge
[2017.07.18-00.14.58:560][  0]LogUdpMessaging: Initializing bridge on interface 0.0.0.0:0 to multicast group 230.0.0.1:6666.
[2017.07.18-00.14.59:458][  0]LogMaterial: Uniform references updated for custom material expression Custom.
[2017.07.18-00.15.00:018][  0]SourceControl: Info Source control is disabled
[2017.07.18-00.15.00:085][  0]SourceControl: Info Source control is disabled
[2017.07.18-00.15.00:197][  0]SourceControl: Info Source control is disabled
[2017.07.18-00.15.00:258][  0]SourceControl: Info Source control is disabled
[2017.07.18-00.15.01:263][  0]LogAndroidPermission: UAndroidPermissionCallbackProxy::GetInstance
[2017.07.18-00.15.02:115][  0]LogEngine: Initializing Engine...
[2017.07.18-00.15.02:117][  0]LogHMD: Failed to initialize OpenVR with code 101
[2017.07.18-00.15.02:375][  0]LogStats: UGameplayTagsManager::ConstructGameplayTagTree: Construct from data asset -  0.000 s
[2017.07.18-00.15.02:375][  0]LogStats: UGameplayTagsManager::ConstructGameplayTagTree: GameplayTagTreeChangedEvent.Broadcast -  0.000 s
[2017.07.18-00.15.02:517][  0]LogAIModule: Creating AISystem for world Untitled
[2017.07.18-00.15.02:551][  0]LogInit: XAudio2 using 'Speakers (2- Realtek High Definition Audio)' : 2 channels at 48 kHz using 32 bits per sample (channel mask 0x3)
[2017.07.18-00.15.02:575][  0]LogInit: FAudioDevice initialized.
[2017.07.18-00.15.02:652][  0]LogDerivedDataCache: Saved boot cache 0.08s 90MB C:/Users/Seagull/AppData/Local/UnrealEngine/4.16/DerivedDataCache/Boot.ddc.
[2017.07.18-00.15.02:685][  0]LogInit: Texture streaming: Enabled
[2017.07.18-00.15.02:813][  0]LogEngineSessionManager: EngineSessionManager initialized
[2017.07.18-00.15.03:049][  0]LogInit: Transaction tracking system initialized
[2017.07.18-00.15.03:454][  0]BlueprintLog: New page: Editor Load
[2017.07.18-00.15.04:747][  0]LocalizationService: Info Localization service is disabled
[2017.07.18-00.15.05:579][  0]LogConsoleResponse:Display: 
[2017.07.18-00.15.05:775][  0]LogCook:Display: Max memory allowance for cook 16384mb min free memory 0mb
[2017.07.18-00.15.05:776][  0]LogCook:Display: Mobile HDR setting 1
[2017.07.18-00.15.06:659][  0]LogFileCache: Scanning file cache for directory 'C:/Users/Seagull/Documents/Unreal Projects/RD/Content/' took 0.01s
[2017.07.18-00.15.08:082][  0]SourceControl: Info Source control is disabled
[2017.07.18-00.15.08:082][  0]Cmd: MAP LOAD FILE="../../../Engine/Content/Maps/Templates/Template_Default.umap" TEMPLATE=1 SHOWPROGRESS=1 FEATURELEVEL=3
[2017.07.18-00.15.08:083][  0]LightingResults: New page: Lighting Build
[2017.07.18-00.15.08:134][  0]MapCheck: New page: Map Check
[2017.07.18-00.15.08:135][  0]LightingResults: New page: Lighting Build
[2017.07.18-00.15.08:398][  0]LogAIModule: Creating AISystem for world Untitled_1
[2017.07.18-00.15.08:402][  0]LogActorComponent: RegisterComponentWithWorld: (/Temp/Untitled_1.Untitled_1:PersistentLevel.WorldSettings_1.StaticMeshComponent0) Trying to register component with IsPendingKill() == true. Aborting.
[2017.07.18-00.15.08:412][  0]LogEditorServer: Finished looking for orphan Actors (0.000 secs)
[2017.07.18-00.15.08:444][  0]Cmd: MAP CHECKDEP NOCLEARLOG
[2017.07.18-00.15.08:517][  0]MapCheck: Info Map check complete: 0 Error(s), 0 Warning(s), took 72.151ms to complete.
[2017.07.18-00.15.08:517][  0]LogFileHelpers: Loading map 'Template_Default' took 0.435
[2017.07.18-00.15.08:602][  0]LogWindowsTextInputMethodSystem:Display: IME system now deactivated.
[2017.07.18-00.15.08:603][  0]LogWindowsTextInputMethodSystem:Display: IME system now deactivated.
[2017.07.18-00.15.08:736][  0]LogCollectionManager: Loaded 0 collections in 0.001222 seconds
[2017.07.18-00.15.08:837][  0]LogFileCache: Scanning file cache for directory 'C:/Users/Seagull/Documents/Unreal Projects/RD/Saved/Collections/' took 0.01s
[2017.07.18-00.15.08:837][  0]LogFileCache: Scanning file cache for directory 'C:/Users/Seagull/Documents/Unreal Projects/RD/Content/Developers/Seagull/Collections/' took 0.01s
[2017.07.18-00.15.08:837][  0]LogFileCache: Scanning file cache for directory 'C:/Users/Seagull/Documents/Unreal Projects/RD/Content/Collections/' took 0.01s
[2017.07.18-00.15.08:838][  0]LogCollectionManager: Rebuilt the GUID cache for 0 collections in 0.000003 seconds
[2017.07.18-00.15.08:852][  0]LogContentBrowser: Native class hierarchy populated in 0.0138 seconds. Added 2331 classes and 494 folders.
[2017.07.18-00.15.08:927][  0]LogContentBrowser: Native class hierarchy updated for 'WidgetCarousel' in 0.0019 seconds. Added 0 classes and 0 folders.
[2017.07.18-00.15.08:997][  0]LogContentBrowser: Native class hierarchy updated for 'AddContentDialog' in 0.0019 seconds. Added 0 classes and 0 folders.
[2017.07.18-00.15.09:049][  0]LogContentBrowser: Native class hierarchy updated for 'SceneOutliner' in 0.0021 seconds. Added 1 classes and 2 folders.
[2017.07.18-00.15.09:157][  0]LogCrashTracker: Crashtracker disabled due to settings.
[2017.07.18-00.15.09:164][  0]LogSlate: Took 0.000313 seconds to synchronously load lazily loaded font '../../../Engine/Content/Slate/Fonts/Roboto-Regular.ttf' (155K)
[2017.07.18-00.15.09:167][  0]LogSlate: Took 0.000418 seconds to synchronously load lazily loaded font '../../../Engine/Content/Slate/Fonts/Roboto-Bold.ttf' (160K)
[2017.07.18-00.15.09:173][  0]LogSlate: Took 0.000312 seconds to synchronously load lazily loaded font '../../../Engine/Content/Editor/Slate/Fonts/FontAwesome.ttf' (139K)
[2017.07.18-00.15.09:272][  0]LogRenderer: Reallocating scene render targets to support 960x580 NumSamples 1 (Frame:1).
[2017.07.18-00.15.09:327][  0]LogSlate: Took 0.000399 seconds to synchronously load lazily loaded font '../../../Engine/Content/Slate/Fonts/Roboto-Light.ttf' (159K)
[2017.07.18-00.15.09:432][  0]LogUObjectGlobals:Warning: Failed to find object 'Class None.'
[2017.07.18-00.15.09:509][  0]LogContentBrowser: Native class hierarchy updated for 'HierarchicalLODOutliner' in 0.0021 seconds. Added 1 classes and 2 folders.
[2017.07.18-00.15.09:509][  0]LogLoad: (Engine Initialization) Total time: 23.96 seconds
[2017.07.18-00.15.09:509][  0]LogLoad: (Engine Initialization) Total Blueprint compile time: 0.10 seconds
[2017.07.18-00.15.09:509][  0]LogExternalProfiler: Found external profiler: VSPerf
[2017.07.18-00.15.09:509][  0]LogExternalProfiler: Using external profiler: VSPerf
[2017.07.18-00.15.09:520][  0]LogOcInput: OculusInput pre-init called
[2017.07.18-00.15.09:521][  0]LogHMD: Starting GearVRController plugin
[2017.07.18-00.15.09:544][  0]LogContentStreaming: Texture pool size now 3000 MB
[2017.07.18-00.15.09:587][  1]LogAssetRegistry: Asset discovery search completed in 14.5695 seconds
[2017.07.18-00.15.09:589][  1]LogCollectionManager: Rebuilt the object cache for 0 collections in 0.000010 seconds (found 0 objects)
[2017.07.18-00.15.09:589][  1]LogCollectionManager: Fixed up redirectors for 0 collections in 0.000266 seconds (updated 0 objects)
